<?xml version="1.0" encoding="UTF-8"?>
<!-- Generated by org.testng.reporters.JUnitXMLReporter -->
<testsuite hostname="DESKTOP-0FL77DL" name="Default test" tests="3" failures="0" timestamp="2 Aug 2017 18:49:07 GMT" time="0.05" errors="0">
  <testcase name="addMessageTest" time="0.015" classname="org.akshaya.jdo.messenger.testing.MessageResourceTest"/>
  <testcase name="getAllMessagesTest" time="0.0" classname="org.akshaya.jdo.messenger.testing.MessageResourceTest"/>
  <testcase name="updateMessageTest" time="0.0" classname="org.akshaya.jdo.messenger.testing.MessageResourceTest"/>
</testsuite> <!-- Default test -->
