<?xml version="1.0" encoding="UTF-8"?>
<testng-results skipped="0" failed="0" total="1" passed="1">
  <reporter-output>
  </reporter-output>
  <suite name="Default suite" duration-ms="52" started-at="2017-07-31T23:34:09Z" finished-at="2017-07-31T23:34:09Z">
    <groups>
    </groups>
    <test name="Default test" duration-ms="52" started-at="2017-07-31T23:34:09Z" finished-at="2017-07-31T23:34:09Z">
      <class name="org.akshaya.jdo.messenger.testing.MessageResourceTest">
        <test-method status="PASS" signature="getMessagesTest()[pri:0, instance:org.akshaya.jdo.messenger.testing.MessageResourceTest@396a51ab]" name="getMessagesTest" duration-ms="22" started-at="2017-07-31T16:34:09Z" finished-at="2017-07-31T16:34:09Z">
          <reporter-output>
          </reporter-output>
        </test-method> <!-- getMessagesTest -->
      </class> <!-- org.akshaya.jdo.messenger.testing.MessageResourceTest -->
    </test> <!-- Default test -->
  </suite> <!-- Default suite -->
</testng-results>
