<?xml version="1.0" encoding="UTF-8"?>
<testng-results skipped="0" failed="0" total="2" passed="2">
  <reporter-output>
  </reporter-output>
  <suite name="Default suite" duration-ms="93" started-at="2017-08-01T19:20:31Z" finished-at="2017-08-01T19:20:31Z">
    <groups>
    </groups>
    <test name="Default test" duration-ms="93" started-at="2017-08-01T19:20:31Z" finished-at="2017-08-01T19:20:31Z">
      <class name="org.akshaya.jdo.messenger.testing.MessageResourceTest">
        <test-method status="PASS" signature="addMessageTest()[pri:0, instance:org.akshaya.jdo.messenger.testing.MessageResourceTest@396a51ab]" name="addMessageTest" duration-ms="16" started-at="2017-08-01T12:20:31Z" finished-at="2017-08-01T12:20:31Z">
          <reporter-output>
          </reporter-output>
        </test-method> <!-- addMessageTest -->
        <test-method status="PASS" signature="getAllMessagesTest()[pri:0, instance:org.akshaya.jdo.messenger.testing.MessageResourceTest@396a51ab]" name="getAllMessagesTest" duration-ms="0" started-at="2017-08-01T12:20:31Z" finished-at="2017-08-01T12:20:31Z">
          <reporter-output>
          </reporter-output>
        </test-method> <!-- getAllMessagesTest -->
      </class> <!-- org.akshaya.jdo.messenger.testing.MessageResourceTest -->
    </test> <!-- Default test -->
  </suite> <!-- Default suite -->
</testng-results>
